Arguments: 
  /usr/local/bin/node /usr/local/bin/yarn add grey-matter

PATH: 
  /usr/local/sbin:/usr/local/bin:/usr/sbin:/usr/bin:/sbin:/bin:/usr/games:/usr/local/games:/mnt/c/Program Files/ImageMagick-7.0.8-Q16:/mnt/c/Program Files (x86)/Common Files/Oracle/Java/javapath:/mnt/c/Windows/system32:/mnt/c/Windows:/mnt/c/Windows/System32/Wbem:/mnt/c/Windows/System32/WindowsPowerShell/v1.0/:/mnt/c/Windows/System32/OpenSSH/:/mnt/c/Program Files (x86)/NVIDIA Corporation/PhysX/Common:/mnt/c/WINDOWS/system32:/mnt/c/WINDOWS:/mnt/c/WINDOWS/System32/Wbem:/mnt/c/WINDOWS/System32/WindowsPowerShell/v1.0/:/mnt/c/WINDOWS/System32/OpenSSH/:/mnt/c/Program Files/Git/cmd:/mnt/c/Program Files/nodejs/:/mnt/c/Ruby26-x64/bin:/mnt/c/Users/grama/AppData/Local/Microsoft/WindowsApps:/mnt/c/Users/grama/AppData/Local/Programs/Microsoft VS Code/bin:/mnt/c/src/flutter/bin:/mnt/c/src/flutter/.pub-cache/bin/:/mnt/c/Users/grama/AppData/Roaming/npm:/mnt/c/Program Files/MongoDB/Server/4.0/bin:/mnt/c/Program Files/Android/Android Studio/jre/bin/:/mnt/c/Program Files/heroku/bin:/snap/bin

Yarn version: 
  1.22.4

Node version: 
  12.16.1

Platform: 
  linux x64

Trace: 
  Error: https://registry.yarnpkg.com/grey-matter: Not found
      at Request.params.callback [as _callback] (/usr/local/lib/node_modules/yarn/lib/cli.js:66987:18)
      at Request.self.callback (/usr/local/lib/node_modules/yarn/lib/cli.js:140748:22)
      at Request.emit (events.js:311:20)
      at Request.<anonymous> (/usr/local/lib/node_modules/yarn/lib/cli.js:141720:10)
      at Request.emit (events.js:311:20)
      at IncomingMessage.<anonymous> (/usr/local/lib/node_modules/yarn/lib/cli.js:141642:12)
      at Object.onceWrapper (events.js:417:28)
      at IncomingMessage.emit (events.js:323:22)
      at endReadableNT (_stream_readable.js:1204:12)
      at processTicksAndRejections (internal/process/task_queues.js:84:21)

npm manifest: 
  {
    "name": "my-app",
    "version": "0.1.0",
    "private": true,
    "scripts": {
      "dev": "next dev",
      "build": "next build",
      "start": "next start"
    },
    "dependencies": {
      "next": "9.5.3",
      "react": "16.13.1",
      "react-dom": "16.13.1"
    }
  }

yarn manifest: 
  No manifest

Lockfile: 
  No lockfile
